MAME4droid/app/build/outputs/logs/manifest-merger-debug-report.txt
-- Merging decision tree log ---
manifest
ADDED from src\main\AndroidManifest.xml:2:1-87:12
	package
		ADDED from src\main\AndroidManifest.xml:3:5-37
		INJECTED from src\main\AndroidManifest.xml
		INJECTED from src\main\AndroidManifest.xml
	android:versionName
		ADDED from src\main\AndroidManifest.xml:6:5-32
		INJECTED from src\main\AndroidManifest.xml
		INJECTED from src\main\AndroidManifest.xml
	android:versionCode
		ADDED from src\main\AndroidManifest.xml:5:5-29
		INJECTED from src\main\AndroidManifest.xml
		INJECTED from src\main\AndroidManifest.xml
	xmlns:android
		ADDED from src\main\AndroidManifest.xml:2:11-69
	android:installLocation
		ADDED from src\main\AndroidManifest.xml:4:5-45
uses-permission#android.permission.WRITE_EXTERNAL_STORAGE
ADDED from src\main\AndroidManifest.xml:8:5-97
	android:name
		ADDED from src\main\AndroidManifest.xml:8:22-78
uses-permission#android.permission.VIBRATE
ADDED from src\main\AndroidManifest.xml:9:5-66
	android:name
		ADDED from src\main\AndroidManifest.xml:9:22-63
uses-permission#android.permission.INTERNET
ADDED from src\main\AndroidManifest.xml:10:5-67
	android:name
		ADDED from src\main\AndroidManifest.xml:10:22-64
uses-sdk
ADDED from src\main\AndroidManifest.xml:12:5-14:41
	android:targetSdkVersion
		ADDED from src\main\AndroidManifest.xml:14:9-38
		INJECTED from src\main\AndroidManifest.xml
		INJECTED from src\main\AndroidManifest.xml
	android:minSdkVersion
		ADDED from src\main\AndroidManifest.xml:13:9-34
		INJECTED from src\main\AndroidManifest.xml
		INJECTED from src\main\AndroidManifest.xml
supports-screens
ADDED from src\main\AndroidManifest.xml:15:5-20:39
	android:largeScreens
		ADDED from src\main\AndroidManifest.xml:17:9-36
	android:smallScreens
		ADDED from src\main\AndroidManifest.xml:20:9-36
	android:normalScreens
		ADDED from src\main\AndroidManifest.xml:18:9-37
	android:resizeable
		ADDED from src\main\AndroidManifest.xml:19:9-34
	android:anyDensity
		ADDED from src\main\AndroidManifest.xml:16:9-34
uses-feature#android.hardware.touchscreen
ADDED from src\main\AndroidManifest.xml:21:5-23:36
	android:required
		ADDED from src\main\AndroidManifest.xml:23:9-33
	android:name
		ADDED from src\main\AndroidManifest.xml:22:9-52
application
ADDED from src\main\AndroidManifest.xml:24:5-85:19
	android:label
		ADDED from src\main\AndroidManifest.xml:30:9-41
	android:allowClearUserData
		ADDED from src\main\AndroidManifest.xml:26:9-42
	android:hardwareAccelerated
		ADDED from src\main\AndroidManifest.xml:27:9-43
	android:allowBackup
		ADDED from src\main\AndroidManifest.xml:25:9-35
	android:icon
		ADDED from src\main\AndroidManifest.xml:28:9-38
	android:isGame
		ADDED from src\main\AndroidManifest.xml:29:9-30
activity#com.seleuco.mame4droid.MAME4droid
ADDED from src\main\AndroidManifest.xml:31:9-59:20
	android:label
		ADDED from src\main\AndroidManifest.xml:34:13-45
	android:launchMode
		ADDED from src\main\AndroidManifest.xml:35:13-44
	android:windowSoftInputMode
		ADDED from src\main\AndroidManifest.xml:37:13-60
	android:configChanges
		ADDED from src\main\AndroidManifest.xml:33:13-74
	android:theme
		ADDED from src\main\AndroidManifest.xml:36:13-52
	android:name
		ADDED from src\main\AndroidManifest.xml:32:13-61
intent-filter#android.intent.action.MAIN+android.intent.category.LAUNCHER
ADDED from src\main\AndroidManifest.xml:38:13-41:29
action#android.intent.action.MAIN
ADDED from src\main\AndroidManifest.xml:39:17-69
	android:name
		ADDED from src\main\AndroidManifest.xml:39:25-66
category#android.intent.category.LAUNCHER
ADDED from src\main\AndroidManifest.xml:40:17-77
	android:name
		ADDED from src\main\AndroidManifest.xml:40:27-74
intent-filter#android.intent.action.MAIN+android.intent.category.LAUNCHER+tv.ouya.intent.category.GAME
ADDED from src\main\AndroidManifest.xml:42:13-46:29
category#tv.ouya.intent.category.GAME
ADDED from src\main\AndroidManifest.xml:45:17-73
	android:name
		ADDED from src\main\AndroidManifest.xml:45:27-70
intent-filter#android.intent.action.MAIN+android.intent.category.LEANBACK_LAUNCHER
ADDED from src\main\AndroidManifest.xml:47:13-50:29
category#android.intent.category.LEANBACK_LAUNCHER
ADDED from src\main\AndroidManifest.xml:49:17-86
	android:name
		ADDED from src\main\AndroidManifest.xml:49:27-83
intent-filter#android.intent.action.VIEW+android.intent.category.DEFAULT
ADDED from src\main\AndroidManifest.xml:51:13-58:29
action#android.intent.action.VIEW
ADDED from src\main\AndroidManifest.xml:52:17-69
	android:name
		ADDED from src\main\AndroidManifest.xml:52:25-66
category#android.intent.category.DEFAULT
ADDED from src\main\AndroidManifest.xml:53:17-76
	android:name
		ADDED from src\main\AndroidManifest.xml:53:27-73
data
ADDED from src\main\AndroidManifest.xml:54:17-56:45
	android:host
		ADDED from src\main\AndroidManifest.xml:55:21-45
	android:scheme
		ADDED from src\main\AndroidManifest.xml:56:21-42
activity#com.seleuco.mame4droid.prefs.UserPreferences
ADDED from src\main\AndroidManifest.xml:60:9-63:64
	android:label
		ADDED from src\main\AndroidManifest.xml:62:13-52
	android:theme
		ADDED from src\main\AndroidManifest.xml:63:13-61
	android:name
		ADDED from src\main\AndroidManifest.xml:61:13-72
activity#com.seleuco.mame4droid.WebHelpActivity
ADDED from src\main\AndroidManifest.xml:64:9-68:64
	android:label
		ADDED from src\main\AndroidManifest.xml:66:13-41
	android:launchMode
		ADDED from src\main\AndroidManifest.xml:67:13-43
	android:theme
		ADDED from src\main\AndroidManifest.xml:68:13-61
	android:name
		ADDED from src\main\AndroidManifest.xml:65:13-66
activity#com.seleuco.mame4droid.prefs.DefineKeys
ADDED from src\main\AndroidManifest.xml:69:9-72:64
	android:label
		ADDED from src\main\AndroidManifest.xml:71:13-48
	android:theme
		ADDED from src\main\AndroidManifest.xml:72:13-61
	android:name
		ADDED from src\main\AndroidManifest.xml:70:13-67
activity#com.seleuco.mame4droid.prefs.ListKeys
ADDED from src\main\AndroidManifest.xml:73:9-76:64
	android:label
		ADDED from src\main\AndroidManifest.xml:75:13-48
	android:theme
		ADDED from src\main\AndroidManifest.xml:76:13-61
	android:name
		ADDED from src\main\AndroidManifest.xml:74:13-65
activity#com.seleuco.mame4droid.prefs.KeySelect
ADDED from src\main\AndroidManifest.xml:77:9-80:59
	android:label
		ADDED from src\main\AndroidManifest.xml:79:13-47
	android:theme
		ADDED from src\main\AndroidManifest.xml:80:13-56
	android:name
		ADDED from src\main\AndroidManifest.xml:78:13-66
meta-data#xperiaplayoptimized_content
ADDED from src\main\AndroidManifest.xml:82:9-84:49
	android:resource
		ADDED from src\main\AndroidManifest.xml:84:13-46
	android:name
		ADDED from src\main\AndroidManifest.xml:83:13-55